<?xml version="1.0" encoding="UTF-8"?>
<!-- Generated by org.testng.reporters.JUnitXMLReporter -->
<testsuite ignored="0" hostname="Unnati" failures="1" tests="1" name="BankingApp Test" time="31.807" errors="0" timestamp="2024-01-31T15:05:49 IST">
  <testcase classname="com.inetbanking.testCases.TC_AddcustomerTest_003" name="addnewCustomer" time="21.768">
    <failure type="org.openqa.selenium.UnhandledAlertException" message="Dismissed user prompt dialog: please fill all fields: 
Build info: version: &amp;apos;4.12.1&amp;apos;, revision: &amp;apos;8e34639b11&amp;apos;
System info: os.name: &amp;apos;Windows 10&amp;apos;, os.arch: &amp;apos;amd64&amp;apos;, os.version: &amp;apos;10.0&amp;apos;, java.version: &amp;apos;17.0.8.1&amp;apos;
Driver info: org.openqa.selenium.firefox.FirefoxDriver
Command: [5e3cfda4-794e-4fd8-b168-36c43bb46991, getPageSource {}]
Capabilities {acceptInsecureCerts: true, browserName: firefox, browserVersion: 122.0, moz:accessibilityChecks: false, moz:buildID: 20240118164516, moz:debuggerAddress: 127.0.0.1:41561, moz:geckodriverVersion: 0.34.0, moz:headless: false, moz:platformVersion: 10.0, moz:processID: 8372, moz:profile: C:\Users\User\AppData\Local..., moz:shutdownTimeout: 60000, moz:webdriverClick: true, moz:windowless: false, pageLoadStrategy: normal, platformName: windows, proxy: Proxy(), se:cdp: ws://127.0.0.1:41561/devtoo..., se:cdpVersion: 85.0, setWindowRect: true, strictFileInteractability: false, timeouts: {implicit: 0, pageLoad: 300000, script: 30000}, unhandledPromptBehavior: dismiss and notify}
Session ID: 5e3cfda4-794e-4fd8-b168-36c43bb46991">
      <![CDATA[org.openqa.selenium.UnhandledAlertException: Dismissed user prompt dialog: please fill all fields: 
Build info: version: '4.12.1', revision: '8e34639b11'
System info: os.name: 'Windows 10', os.arch: 'amd64', os.version: '10.0', java.version: '17.0.8.1'
Driver info: org.openqa.selenium.firefox.FirefoxDriver
Command: [5e3cfda4-794e-4fd8-b168-36c43bb46991, getPageSource {}]
Capabilities {acceptInsecureCerts: true, browserName: firefox, browserVersion: 122.0, moz:accessibilityChecks: false, moz:buildID: 20240118164516, moz:debuggerAddress: 127.0.0.1:41561, moz:geckodriverVersion: 0.34.0, moz:headless: false, moz:platformVersion: 10.0, moz:processID: 8372, moz:profile: C:\Users\User\AppData\Local..., moz:shutdownTimeout: 60000, moz:webdriverClick: true, moz:windowless: false, pageLoadStrategy: normal, platformName: windows, proxy: Proxy(), se:cdp: ws://127.0.0.1:41561/devtoo..., se:cdpVersion: 85.0, setWindowRect: true, strictFileInteractability: false, timeouts: {implicit: 0, pageLoad: 300000, script: 30000}, unhandledPromptBehavior: dismiss and notify}
Session ID: 5e3cfda4-794e-4fd8-b168-36c43bb46991
at org.openqa.selenium.remote.codec.w3c.W3CHttpResponseCodec.decode(W3CHttpResponseCodec.java:131)
at org.openqa.selenium.remote.codec.w3c.W3CHttpResponseCodec.decode(W3CHttpResponseCodec.java:52)
at org.openqa.selenium.remote.HttpCommandExecutor.execute(HttpCommandExecutor.java:191)
at org.openqa.selenium.remote.service.DriverCommandExecutor.invokeExecute(DriverCommandExecutor.java:196)
at org.openqa.selenium.remote.service.DriverCommandExecutor.execute(DriverCommandExecutor.java:171)
at org.openqa.selenium.remote.RemoteWebDriver.execute(RemoteWebDriver.java:602)
at org.openqa.selenium.remote.RemoteWebDriver.execute(RemoteWebDriver.java:675)
at org.openqa.selenium.remote.RemoteWebDriver.execute(RemoteWebDriver.java:679)
at org.openqa.selenium.remote.RemoteWebDriver.getPageSource(RemoteWebDriver.java:385)
at com.inetbanking.testCases.TC_AddcustomerTest_003.addnewCustomer(TC_AddcustomerTest_003.java:46)
at java.base/java.util.ArrayList.forEach(ArrayList.java:1511)
... Removed 27 stack frames]]>
    </failure>
  </testcase> <!-- addnewCustomer -->
</testsuite> <!-- BankingApp Test -->
